#
# There is insufficient memory for the Java Runtime Environment to continue.
# Native memory allocation (mmap) failed to map 327680 bytes for G1 virtual space
# Possible reasons:
#   The system is out of physical RAM or swap space
#   The process is running with CompressedOops enabled, and the Java Heap may be blocking the growth of the native heap
# Possible solutions:
#   Reduce memory load on the system
#   Increase physical memory or swap space
#   Check if swap backing store is full
#   Decrease Java heap size (-Xmx/-Xms)
#   Decrease number of Java threads
#   Decrease Java thread stack sizes (-Xss)
#   Set larger code cache with -XX:ReservedCodeCacheSize=
#   JVM is running with Zero Based Compressed Oops mode in which the Java heap is
#     placed in the first 32GB address space. The Java Heap base address is the
#     maximum limit for the native heap growth. Please use -XX:HeapBaseMinAddress
#     to set the Java Heap base and to place the Java Heap above 32GB virtual address.
# This output file may be truncated or incomplete.
#
#  Out of Memory Error (os_windows.cpp:3548), pid=2200, tid=18288
#
# JRE version:  (17.0.12+8) (build )
# Java VM: Java HotSpot(TM) 64-Bit Server VM (17.0.12+8-LTS-286, mixed mode, sharing, tiered, compressed oops, compressed class ptrs, g1 gc, windows-amd64)
# No core dump will be written. Minidumps are not enabled by default on client versions of Windows
#

---------------  S U M M A R Y ------------

Command Line: -Dclassworlds.conf=D:\Downloads\apache-maven-3.9.10\bin\m2.conf -Dmaven.home=D:\Downloads\apache-maven-3.9.10 -Dlibrary.jansi.path=D:\Downloads\apache-maven-3.9.10\lib\jansi-native -Dmaven.multiModuleProjectDirectory=D:\Drive Kuliah\Repo Github\kei\bisaplsudhhopeless\RPL-Optik-Peekaboo\demo org.codehaus.plexus.classworlds.launcher.Launcher clean javafx:run

Host: AMD Ryzen 3 3250U with Radeon Graphics         , 4 cores, 9G,  Windows 11 , 64 bit Build 22621 (10.0.22621.5262)
Time: Sat Jun  7 12:38:08 2025 SE Asia Standard Time elapsed time: 0.014802 seconds (0d 0h 0m 0s)

---------------  T H R E A D  ---------------

Current thread (0x0000028d038450c0):  JavaThread "Unknown thread" [_thread_in_vm, id=18288, stack(0x000000f107d00000,0x000000f107e00000)]

Stack: [0x000000f107d00000,0x000000f107e00000]
Native frames: (J=compiled Java code, j=interpreted, Vv=VM code, C=native code)
V  [jvm.dll+0x67a04a]
V  [jvm.dll+0x7da4ed]
V  [jvm.dll+0x7dbe33]
V  [jvm.dll+0x7dc4a3]
V  [jvm.dll+0x24508f]
V  [jvm.dll+0x677089]
V  [jvm.dll+0x66bd32]
V  [jvm.dll+0x301fa6]
V  [jvm.dll+0x309546]
V  [jvm.dll+0x359d7b]
V  [jvm.dll+0x359f5f]
V  [jvm.dll+0x2d9078]
V  [jvm.dll+0x2d9fe4]
V  [jvm.dll+0x7aca21]
V  [jvm.dll+0x367591]
V  [jvm.dll+0x78b999]
V  [jvm.dll+0x3ec83f]
V  [jvm.dll+0x3ee471]
C  [jli.dll+0x5297]
C  [ucrtbase.dll+0x29333]
C  [KERNEL32.DLL+0x1259d]
C  [ntdll.dll+0x5af58]


---------------  P R O C E S S  ---------------

Threads class SMR info:
_java_thread_list=0x00007ffd79f07a18, length=0, elements={
}

Java Threads: ( => current thread )

Other Threads:
  0x0000028d03894b90 GCTaskThread "GC Thread#0" [stack: 0x000000f107e00000,0x000000f107f00000] [id=18328]
  0x0000028d038a0a00 ConcurrentGCThread "G1 Main Marker" [stack: 0x000000f107f00000,0x000000f108000000] [id=15536]
  0x0000028d038a1bb0 ConcurrentGCThread "G1 Conc#0" [stack: 0x000000f108000000,0x000000f108100000] [id=17312]

[error occurred during error reporting (printing all threads), id 0xc0000005, EXCEPTION_ACCESS_VIOLATION (0xc0000005) at pc=0x00007ffd79739b67]

VM state: not at safepoint (not fully initialized)

VM Mutex/Monitor currently owned by a thread:  ([mutex/lock_event])
[0x0000028d03840040] Heap_lock - owner thread: 0x0000028d038450c0

Heap address: 0x0000000760e00000, size: 2546 MB, Compressed Oops mode: Zero based, Oop shift amount: 3

CDS archive(s) mapped at: [0x0000000000000000-0x0000000000000000-0x0000000000000000), size 0, SharedBaseAddress: 0x0000000800000000, ArchiveRelocationMode: 1.
Narrow klass base: 0x0000000000000000, Narrow klass shift: 0, Narrow klass range: 0x0

GC Precious Log:
<Empty>

Heap:
 garbage-first heap   total 0K, used 0K [0x0000000760e00000, 0x0000000800000000)
  region size 2048K, 0 young (0K), 0 survivors (0K)

[error occurred during error reporting (printing heap information), id 0xc0000005, EXCEPTION_ACCESS_VIOLATION (0xc0000005) at pc=0x00007ffd79b23859]

GC Heap History (0 events):
No events

Deoptimization events (0 events):
No events

Classes unloaded (0 events):
No events

Classes redefined (0 events):
No events

Internal exceptions (0 events):
No events

VM Operations (0 events):
No events

Events (1 events):
Event: 0.009 Loaded shared library C:\Program Files\Java\jdk-17\bin\java.dll


Dynamic libraries:
0x00007ff6dbae0000 - 0x00007ff6dbaf0000 	C:\Program Files\Java\jdk-17\bin\java.exe
0x00007ffdc57f0000 - 0x00007ffdc5a07000 	C:\WINDOWS\SYSTEM32\ntdll.dll
0x00007ffdc56d0000 - 0x00007ffdc5794000 	C:\WINDOWS\System32\KERNEL32.DLL
0x00007ffdc28e0000 - 0x00007ffdc2cb3000 	C:\WINDOWS\System32\KERNELBASE.dll
0x00007ffdc32a0000 - 0x00007ffdc33b1000 	C:\WINDOWS\System32\ucrtbase.dll
0x00007ffda37f0000 - 0x00007ffda3809000 	C:\Program Files\Java\jdk-17\bin\jli.dll
0x00007ffda2530000 - 0x00007ffda254b000 	C:\Program Files\Java\jdk-17\bin\VCRUNTIME140.dll
0x00007ffdc3830000 - 0x00007ffdc38e1000 	C:\WINDOWS\System32\ADVAPI32.dll
0x00007ffdc5120000 - 0x00007ffdc51c7000 	C:\WINDOWS\System32\msvcrt.dll
0x00007ffdc55c0000 - 0x00007ffdc5667000 	C:\WINDOWS\System32\sechost.dll
0x00007ffdc2ea0000 - 0x00007ffdc2ec8000 	C:\WINDOWS\System32\bcrypt.dll
0x00007ffdc5330000 - 0x00007ffdc5444000 	C:\WINDOWS\System32\RPCRT4.dll
0x00007ffdc4ae0000 - 0x00007ffdc4c91000 	C:\WINDOWS\System32\USER32.dll
0x00007ffdc2ed0000 - 0x00007ffdc2ef6000 	C:\WINDOWS\System32\win32u.dll
0x00007ffdc3bc0000 - 0x00007ffdc3be9000 	C:\WINDOWS\System32\GDI32.dll
0x00007ffdb1640000 - 0x00007ffdb18db000 	C:\WINDOWS\WinSxS\amd64_microsoft.windows.common-controls_6595b64144ccf1df_6.0.22621.5262_none_2712bde373830908\COMCTL32.dll
0x00007ffdc3000000 - 0x00007ffdc3122000 	C:\WINDOWS\System32\gdi32full.dll
0x00007ffdc2cc0000 - 0x00007ffdc2d5a000 	C:\WINDOWS\System32\msvcp_win.dll
0x00007ffdb9010000 - 0x00007ffdb901a000 	C:\WINDOWS\SYSTEM32\VERSION.dll
0x00007ffdc3b60000 - 0x00007ffdc3b91000 	C:\WINDOWS\System32\IMM32.DLL
0x00007ffda7760000 - 0x00007ffda776c000 	C:\Program Files\Java\jdk-17\bin\vcruntime140_1.dll
0x00007ffd5a9d0000 - 0x00007ffd5aa5e000 	C:\Program Files\Java\jdk-17\bin\msvcp140.dll
0x00007ffd79450000 - 0x00007ffd7a030000 	C:\Program Files\Java\jdk-17\bin\server\jvm.dll
0x00007ffdc3d50000 - 0x00007ffdc3d58000 	C:\WINDOWS\System32\PSAPI.DLL
0x00007ffdb4560000 - 0x00007ffdb4569000 	C:\WINDOWS\SYSTEM32\WSOCK32.dll
0x00007ffdbbc30000 - 0x00007ffdbbc64000 	C:\WINDOWS\SYSTEM32\WINMM.dll
0x00007ffdc5450000 - 0x00007ffdc54c1000 	C:\WINDOWS\System32\WS2_32.dll
0x00007ffdc1920000 - 0x00007ffdc1938000 	C:\WINDOWS\SYSTEM32\kernel.appcore.dll
0x00007ffda37d0000 - 0x00007ffda37da000 	C:\Program Files\Java\jdk-17\bin\jimage.dll
0x00007ffdb9340000 - 0x00007ffdb9572000 	C:\WINDOWS\SYSTEM32\DBGHELP.DLL
0x00007ffdc3480000 - 0x00007ffdc3813000 	C:\WINDOWS\System32\combase.dll
0x00007ffdc47b0000 - 0x00007ffdc4887000 	C:\WINDOWS\System32\OLEAUT32.dll
0x00007ffdb0910000 - 0x00007ffdb0942000 	C:\WINDOWS\SYSTEM32\dbgcore.DLL
0x00007ffdc2f80000 - 0x00007ffdc2ffb000 	C:\WINDOWS\System32\bcryptPrimitives.dll
0x00007ffd793e0000 - 0x00007ffd79405000 	C:\Program Files\Java\jdk-17\bin\java.dll

dbghelp: loaded successfully - version: 4.0.5 - missing functions: none
symbol engine: initialized successfully - sym options: 0x614 - pdb path: .;C:\Program Files\Java\jdk-17\bin;C:\WINDOWS\SYSTEM32;C:\WINDOWS\WinSxS\amd64_microsoft.windows.common-controls_6595b64144ccf1df_6.0.22621.5262_none_2712bde373830908;C:\Program Files\Java\jdk-17\bin\server

VM Arguments:
jvm_args: -Dclassworlds.conf=D:\Downloads\apache-maven-3.9.10\bin\m2.conf -Dmaven.home=D:\Downloads\apache-maven-3.9.10 -Dlibrary.jansi.path=D:\Downloads\apache-maven-3.9.10\lib\jansi-native -Dmaven.multiModuleProjectDirectory=D:\Drive Kuliah\Repo Github\kei\bisaplsudhhopeless\RPL-Optik-Peekaboo\demo 
java_command: org.codehaus.plexus.classworlds.launcher.Launcher clean javafx:run
java_class_path (initial): D:\Downloads\apache-maven-3.9.10\boot\plexus-classworlds-2.9.0.jar
Launcher Type: SUN_STANDARD

[Global flags]
     intx CICompilerCount                          = 3                                         {product} {ergonomic}
     uint ConcGCThreads                            = 1                                         {product} {ergonomic}
     uint G1ConcRefinementThreads                  = 4                                         {product} {ergonomic}
   size_t G1HeapRegionSize                         = 2097152                                   {product} {ergonomic}
    uintx GCDrainStackTargetSize                   = 64                                        {product} {ergonomic}
   size_t InitialHeapSize                          = 167772160                                 {product} {ergonomic}
   size_t MarkStackSize                            = 4194304                                   {product} {ergonomic}
   size_t MaxHeapSize                              = 2669674496                                {product} {ergonomic}
   size_t MinHeapDeltaBytes                        = 2097152                                   {product} {ergonomic}
   size_t MinHeapSize                              = 8388608                                   {product} {ergonomic}
    uintx NonNMethodCodeHeapSize                   = 5832780                                {pd product} {ergonomic}
    uintx NonProfiledCodeHeapSize                  = 122912730                              {pd product} {ergonomic}
    uintx ProfiledCodeHeapSize                     = 122912730                              {pd product} {ergonomic}
    uintx ReservedCodeCacheSize                    = 251658240                              {pd product} {ergonomic}
     bool SegmentedCodeCache                       = true                                      {product} {ergonomic}
   size_t SoftMaxHeapSize                          = 2669674496                             {manageable} {ergonomic}
     bool UseCompressedClassPointers               = true                           {product lp64_product} {ergonomic}
     bool UseCompressedOops                        = true                           {product lp64_product} {ergonomic}
     bool UseG1GC                                  = true                                      {product} {ergonomic}
     bool UseLargePagesIndividualAllocation        = false                                  {pd product} {ergonomic}

Logging:
Log output configuration:
 #0: stdout all=warning uptime,level,tags
 #1: stderr all=off uptime,level,tags

Environment Variables:
JAVA_HOME=C:\Program Files\Java\jdk-17
PATH=C:\Program Files\Common Files\Oracle\Java\javapath;C:\Program Files (x86)\Common Files\Intel\Shared Files\cpp\bin\Intel64;C:\WINDOWS\system32;C:\WINDOWS;C:\WINDOWS\System32\Wbem;C:\WINDOWS\System32\WindowsPowerShell\v1.0\;C:\WINDOWS\System32\OpenSSH\;C:\Program Files (x86)\HP\Common\HPDestPlgIn\;C:\Users\Acer\AppData\Local\Programs\Python\Python311;C:\MinGW\bin;C:\Program Files\MySQL\MySQL Server 8.0\bin;C:\Program Files\Git\cmd;C:\Program Files\nodejs\;C:\Users\Acer\AppData\Local\Programs\Python\Python312\Scripts\;C:\Users\Acer\AppData\Local\Programs\Python\Python312\;C:\Users\Acer\AppData\Local\Microsoft\WindowsApps;C:\Users\Acer\AppData\Local\Programs\Microsoft VS Code\bin;C:\Users\Acer\AppData\Local\Programs\Python\Python311\;C:\ghcup\bin;C:\Users\Acer\AppData\Local\GitHubDesktop\bin;C:\Users\Acer\AppData\Local\Microsoft\WinGet\Packages\Schniz.fnm_Microsoft.Winget.Source_8wekyb3d8bbwe;C:\Users\Acer\AppData\Roaming\npm;C:\Program Files\OpenSSL-Win64\bin;C:\Program Files\Java\jdk-23\bin;C:\Program Files\PuTTY\;D:\Downloads\apache-maven-3.9.10\bin;C:\Program Files\qemu;C:\Users\Acer\AppData\Local\Programs\Python\Python312\;C:\Users\Acer\AppData\Local\Microsoft\WindowsApps;C:\Program Files (x86)\HP\Common\HPDestPlgIn\;C:\Users\Acer\AppData\Local\Programs\Microsoft VS Code\bin;C:\Users\Acer\AppData\Local\Programs\Python\Python311\;C:\ghcup\bin;C:\Users\Acer\AppData\Local\GitHubDesktop\bin;C:\Users\Acer\AppData\Local\Microsoft\WinGet\Packages\Schniz.fnm_Microsoft.Winget.Source_8wekyb3d8bbwe;C:\Users\Acer\AppData\Roaming\npm;C:\Program Files\nodejs;C:\Program Files\qemu;C:\MinGW\bin;;C:\Program Files\JetBrains\IntelliJ IDEA 2024.3.2.2\bin;
USERNAME=Acer
LANG=en_US.UTF-8
OS=Windows_NT
PROCESSOR_IDENTIFIER=AMD64 Family 23 Model 24 Stepping 1, AuthenticAMD



---------------  S Y S T E M  ---------------

OS:
 Windows 11 , 64 bit Build 22621 (10.0.22621.5262)
OS uptime: 0 days 1:35 hours

CPU: total 4 (initial active 4) (4 cores per cpu, 2 threads per core) family 23 model 24 stepping 1 microcode 0x0, cx8, cmov, fxsr, ht, mmx, 3dnowpref, sse, sse2, sse3, ssse3, sse4a, sse4.1, sse4.2, popcnt, lzcnt, tsc, tscinvbit, avx, avx2, aes, clmul, bmi1, bmi2, adx, sha, fma, vzeroupper, clflush, clflushopt

Memory: 4k page, system-wide physical 10177M (2286M free)
TotalPageFile size 14273M (AvailPageFile size 3M)
current process WorkingSet (physical memory assigned to process): 11M, peak: 11M
current process commit charge ("private bytes"): 217M, peak: 217M

vm_info: Java HotSpot(TM) 64-Bit Server VM (17.0.12+8-LTS-286) for windows-amd64 JRE (17.0.12+8-LTS-286), built on Jun  5 2024 06:46:59 by "mach5one" with MS VC++ 17.6 (VS2022)

END.
