#
# There is insufficient memory for the Java Runtime Environment to continue.
# Native memory allocation (mmap) failed to map 65536 bytes for Failed to commit metaspace.
# Possible reasons:
#   The system is out of physical RAM or swap space
#   The process is running with CompressedOops enabled, and the Java Heap may be blocking the growth of the native heap
# Possible solutions:
#   Reduce memory load on the system
#   Increase physical memory or swap space
#   Check if swap backing store is full
#   Decrease Java heap size (-Xmx/-Xms)
#   Decrease number of Java threads
#   Decrease Java thread stack sizes (-Xss)
#   Set larger code cache with -XX:ReservedCodeCacheSize=
#   JVM is running with Zero Based Compressed Oops mode in which the Java heap is
#     placed in the first 32GB address space. The Java Heap base address is the
#     maximum limit for the native heap growth. Please use -XX:HeapBaseMinAddress
#     to set the Java Heap base and to place the Java Heap above 32GB virtual address.
# This output file may be truncated or incomplete.
#
#  Out of Memory Error (virtualSpaceNode.cpp:110), pid=18228, tid=13172
#
# JRE version: Java(TM) SE Runtime Environment (17.0.12+8) (build 17.0.12+8-LTS-286)
# Java VM: Java HotSpot(TM) 64-Bit Server VM (17.0.12+8-LTS-286, mixed mode, sharing, tiered, compressed oops, compressed class ptrs, g1 gc, windows-amd64)
# No core dump will be written. Minidumps are not enabled by default on client versions of Windows
#

---------------  S U M M A R Y ------------

Command Line: --module-path=D:\Drive Kuliah\Repo Github\kei\bisaplsudhhopeless\RPL-Optik-Peekaboo\demo\target\classes;C:\Users\Acer\.m2\repository\org\openjfx\javafx-base\17.0.2\javafx-base-17.0.2-win.jar;C:\Users\Acer\.m2\repository\org\openjfx\javafx-controls\17.0.2\javafx-controls-17.0.2-mac-aarch64.jar;C:\Users\Acer\.m2\repository\org\openjfx\javafx-fxml\17.0.2\javafx-fxml-17.0.2-mac-aarch64.jar;C:\Users\Acer\.m2\repository\org\openjfx\javafx-graphics\17.0.2\javafx-graphics-17.0.2-win.jar --add-modules=com.pekaboo -Djdk.module.main=com.pekaboo com.pekaboo/com.pekaboo.App

Host: AMD Ryzen 3 3250U with Radeon Graphics         , 4 cores, 9G,  Windows 11 , 64 bit Build 22621 (10.0.22621.5262)
Time: Sat Jun  7 13:00:20 2025 SE Asia Standard Time elapsed time: 0.291700 seconds (0d 0h 0m 0s)

---------------  T H R E A D  ---------------

Current thread (0x0000014efb3bbd90):  JavaThread "C1 CompilerThread0" daemon [_thread_in_vm, id=13172, stack(0x0000003d2fc00000,0x0000003d2fd00000)]


Current CompileTask:
C1:    291  511       3       sun.security.util.KnownOIDs::register (349 bytes)

Stack: [0x0000003d2fc00000,0x0000003d2fd00000]
Native frames: (J=compiled Java code, j=interpreted, Vv=VM code, C=native code)
V  [jvm.dll+0x67a04a]
V  [jvm.dll+0x7da4ed]
V  [jvm.dll+0x7dbe33]
V  [jvm.dll+0x7dc4a3]
V  [jvm.dll+0x24508f]
V  [jvm.dll+0x7d60bb]
V  [jvm.dll+0x6206c6]
V  [jvm.dll+0x62072a]
V  [jvm.dll+0x622f4d]
V  [jvm.dll+0x621086]
V  [jvm.dll+0x63232a]
V  [jvm.dll+0x62b1ba]
V  [jvm.dll+0x1caaa0]
V  [jvm.dll+0x1cac90]
V  [jvm.dll+0x146ef1]
V  [jvm.dll+0x146d35]
V  [jvm.dll+0x13ea01]
V  [jvm.dll+0x140c91]
V  [jvm.dll+0x13f19c]
V  [jvm.dll+0x14781a]
V  [jvm.dll+0x146d35]
V  [jvm.dll+0x13ea01]
V  [jvm.dll+0x140c91]
V  [jvm.dll+0x13f295]
V  [jvm.dll+0x139333]
V  [jvm.dll+0x148996]
V  [jvm.dll+0x134b10]
V  [jvm.dll+0x134e70]
V  [jvm.dll+0x135148]
V  [jvm.dll+0x1345d1]
V  [jvm.dll+0x1362bd]
V  [jvm.dll+0x22610b]
V  [jvm.dll+0x2242ab]
V  [jvm.dll+0x79075c]
V  [jvm.dll+0x78abea]
V  [jvm.dll+0x678f35]
C  [ucrtbase.dll+0x29333]
C  [KERNEL32.DLL+0x1259d]
C  [ntdll.dll+0x5af58]


---------------  P R O C E S S  ---------------

Threads class SMR info:
_java_thread_list=0x0000014ec52bb900, length=13, elements={
0x0000014eda873bf0, 0x0000014efb39c3d0, 0x0000014efb39d250, 0x0000014efb3b5420,
0x0000014efb3b5df0, 0x0000014efb3b88c0, 0x0000014efb3b9280, 0x0000014efb3c5a40,
0x0000014efb3bbd90, 0x0000014efb3f2b70, 0x0000014ec51be210, 0x0000014ec524d540,
0x0000014ec51bd2e0
}

Java Threads: ( => current thread )
  0x0000014eda873bf0 JavaThread "main" [_thread_in_vm, id=17112, stack(0x0000003d2ee00000,0x0000003d2ef00000)]
  0x0000014efb39c3d0 JavaThread "Reference Handler" daemon [_thread_blocked, id=11380, stack(0x0000003d2f500000,0x0000003d2f600000)]
  0x0000014efb39d250 JavaThread "Finalizer" daemon [_thread_blocked, id=13564, stack(0x0000003d2f600000,0x0000003d2f700000)]
  0x0000014efb3b5420 JavaThread "Signal Dispatcher" daemon [_thread_blocked, id=16468, stack(0x0000003d2f700000,0x0000003d2f800000)]
  0x0000014efb3b5df0 JavaThread "Attach Listener" daemon [_thread_blocked, id=11644, stack(0x0000003d2f800000,0x0000003d2f900000)]
  0x0000014efb3b88c0 JavaThread "Service Thread" daemon [_thread_blocked, id=12712, stack(0x0000003d2f900000,0x0000003d2fa00000)]
  0x0000014efb3b9280 JavaThread "Monitor Deflation Thread" daemon [_thread_blocked, id=3824, stack(0x0000003d2fa00000,0x0000003d2fb00000)]
  0x0000014efb3c5a40 JavaThread "C2 CompilerThread0" daemon [_thread_blocked, id=15588, stack(0x0000003d2fb00000,0x0000003d2fc00000)]
=>0x0000014efb3bbd90 JavaThread "C1 CompilerThread0" daemon [_thread_in_vm, id=13172, stack(0x0000003d2fc00000,0x0000003d2fd00000)]
  0x0000014efb3f2b70 JavaThread "Sweeper thread" daemon [_thread_blocked, id=7372, stack(0x0000003d2fd00000,0x0000003d2fe00000)]
  0x0000014ec51be210 JavaThread "Common-Cleaner" daemon [_thread_blocked, id=15440, stack(0x0000003d2fe00000,0x0000003d2ff00000)]
  0x0000014ec524d540 JavaThread "C2 CompilerThread1" daemon [_thread_blocked, id=12248, stack(0x0000003d2ff00000,0x0000003d30000000)]
  0x0000014ec51bd2e0 JavaThread "Notification Thread" daemon [_thread_blocked, id=7404, stack(0x0000003d30000000,0x0000003d30100000)]

Other Threads:
  0x0000014efb394fa0 VMThread "VM Thread" [stack: 0x0000003d2f400000,0x0000003d2f500000] [id=4992]
  0x0000014eda8d5f20 WatcherThread [stack: 0x0000003d30100000,0x0000003d30200000] [id=16220]
  0x0000014eda8c3930 GCTaskThread "GC Thread#0" [stack: 0x0000003d2ef00000,0x0000003d2f000000] [id=1512]
  0x0000014eda8ce790 ConcurrentGCThread "G1 Main Marker" [stack: 0x0000003d2f000000,0x0000003d2f100000] [id=4392]
  0x0000014eda8cf940 ConcurrentGCThread "G1 Conc#0" [stack: 0x0000003d2f100000,0x0000003d2f200000] [id=17060]
  0x0000014eda931bc0 ConcurrentGCThread "G1 Refine#0" [stack: 0x0000003d2f200000,0x0000003d2f300000] [id=9932]
  0x0000014efb260af0 ConcurrentGCThread "G1 Service" [stack: 0x0000003d2f300000,0x0000003d2f400000] [id=15600]

Threads with active compile tasks:
C1 CompilerThread0      322  511       3       sun.security.util.KnownOIDs::register (349 bytes)

VM state: not at safepoint (normal execution)

VM Mutex/Monitor currently owned by a thread:  ([mutex/lock_event])
[0x0000014eda86fbc0] Metaspace_lock - owner thread: 0x0000014efb3bbd90
[0x0000014eda86dfa0] MethodData_lock - owner thread: 0x0000014efb3bbd90

Heap address: 0x0000000760e00000, size: 2546 MB, Compressed Oops mode: Zero based, Oop shift amount: 3

CDS archive(s) mapped at: [0x0000014e80000000-0x0000014e80bd0000-0x0000014e80bd0000), size 12386304, SharedBaseAddress: 0x0000014e80000000, ArchiveRelocationMode: 1.
Compressed class space mapped at: 0x0000014e81000000-0x0000014ec1000000, reserved size: 1073741824
Narrow klass base: 0x0000014e80000000, Narrow klass shift: 0, Narrow klass range: 0x100000000

GC Precious Log:
 CPUs: 4 total, 4 available
 Memory: 10177M
 Large Page Support: Disabled
 NUMA Support: Disabled
 Compressed Oops: Enabled (Zero based)
 Heap Region Size: 2M
 Heap Min Capacity: 8M
 Heap Initial Capacity: 160M
 Heap Max Capacity: 2546M
 Pre-touch: Disabled
 Parallel Workers: 4
 Concurrent Workers: 1
 Concurrent Refinement Workers: 4
 Periodic GC: Disabled

Heap:
 garbage-first heap   total 163840K, used 6144K [0x0000000760e00000, 0x0000000800000000)
  region size 2048K, 5 young (10240K), 0 survivors (0K)
 Metaspace       used 1647K, committed 1792K, reserved 1114112K
  class space    used 176K, committed 256K, reserved 1048576K

Heap Regions: E=young(eden), S=young(survivor), O=old, HS=humongous(starts), HC=humongous(continues), CS=collection set, F=free, OA=open archive, CA=closed archive, TAMS=top-at-mark-start (previous, next)
|   0|0x0000000760e00000, 0x0000000760e00000, 0x0000000761000000|  0%| F|  |TAMS 0x0000000760e00000, 0x0000000760e00000| Untracked 
|   1|0x0000000761000000, 0x0000000761000000, 0x0000000761200000|  0%| F|  |TAMS 0x0000000761000000, 0x0000000761000000| Untracked 
|   2|0x0000000761200000, 0x0000000761200000, 0x0000000761400000|  0%| F|  |TAMS 0x0000000761200000, 0x0000000761200000| Untracked 
|   3|0x0000000761400000, 0x0000000761400000, 0x0000000761600000|  0%| F|  |TAMS 0x0000000761400000, 0x0000000761400000| Untracked 
|   4|0x0000000761600000, 0x0000000761600000, 0x0000000761800000|  0%| F|  |TAMS 0x0000000761600000, 0x0000000761600000| Untracked 
|   5|0x0000000761800000, 0x0000000761800000, 0x0000000761a00000|  0%| F|  |TAMS 0x0000000761800000, 0x0000000761800000| Untracked 
|   6|0x0000000761a00000, 0x0000000761a00000, 0x0000000761c00000|  0%| F|  |TAMS 0x0000000761a00000, 0x0000000761a00000| Untracked 
|   7|0x0000000761c00000, 0x0000000761c00000, 0x0000000761e00000|  0%| F|  |TAMS 0x0000000761c00000, 0x0000000761c00000| Untracked 
|   8|0x0000000761e00000, 0x0000000761e00000, 0x0000000762000000|  0%| F|  |TAMS 0x0000000761e00000, 0x0000000761e00000| Untracked 
|   9|0x0000000762000000, 0x0000000762000000, 0x0000000762200000|  0%| F|  |TAMS 0x0000000762000000, 0x0000000762000000| Untracked 
|  10|0x0000000762200000, 0x0000000762200000, 0x0000000762400000|  0%| F|  |TAMS 0x0000000762200000, 0x0000000762200000| Untracked 
|  11|0x0000000762400000, 0x0000000762400000, 0x0000000762600000|  0%| F|  |TAMS 0x0000000762400000, 0x0000000762400000| Untracked 
|  12|0x0000000762600000, 0x0000000762600000, 0x0000000762800000|  0%| F|  |TAMS 0x0000000762600000, 0x0000000762600000| Untracked 
|  13|0x0000000762800000, 0x0000000762800000, 0x0000000762a00000|  0%| F|  |TAMS 0x0000000762800000, 0x0000000762800000| Untracked 
|  14|0x0000000762a00000, 0x0000000762a00000, 0x0000000762c00000|  0%| F|  |TAMS 0x0000000762a00000, 0x0000000762a00000| Untracked 
|  15|0x0000000762c00000, 0x0000000762c00000, 0x0000000762e00000|  0%| F|  |TAMS 0x0000000762c00000, 0x0000000762c00000| Untracked 
|  16|0x0000000762e00000, 0x0000000762e00000, 0x0000000763000000|  0%| F|  |TAMS 0x0000000762e00000, 0x0000000762e00000| Untracked 
|  17|0x0000000763000000, 0x0000000763000000, 0x0000000763200000|  0%| F|  |TAMS 0x0000000763000000, 0x0000000763000000| Untracked 
|  18|0x0000000763200000, 0x0000000763200000, 0x0000000763400000|  0%| F|  |TAMS 0x0000000763200000, 0x0000000763200000| Untracked 
|  19|0x0000000763400000, 0x0000000763400000, 0x0000000763600000|  0%| F|  |TAMS 0x0000000763400000, 0x0000000763400000| Untracked 
|  20|0x0000000763600000, 0x0000000763600000, 0x0000000763800000|  0%| F|  |TAMS 0x0000000763600000, 0x0000000763600000| Untracked 
|  21|0x0000000763800000, 0x0000000763800000, 0x0000000763a00000|  0%| F|  |TAMS 0x0000000763800000, 0x0000000763800000| Untracked 
|  22|0x0000000763a00000, 0x0000000763a00000, 0x0000000763c00000|  0%| F|  |TAMS 0x0000000763a00000, 0x0000000763a00000| Untracked 
|  23|0x0000000763c00000, 0x0000000763c00000, 0x0000000763e00000|  0%| F|  |TAMS 0x0000000763c00000, 0x0000000763c00000| Untracked 
|  24|0x0000000763e00000, 0x0000000763e00000, 0x0000000764000000|  0%| F|  |TAMS 0x0000000763e00000, 0x0000000763e00000| Untracked 
|  25|0x0000000764000000, 0x0000000764000000, 0x0000000764200000|  0%| F|  |TAMS 0x0000000764000000, 0x0000000764000000| Untracked 
|  26|0x0000000764200000, 0x0000000764200000, 0x0000000764400000|  0%| F|  |TAMS 0x0000000764200000, 0x0000000764200000| Untracked 
|  27|0x0000000764400000, 0x0000000764400000, 0x0000000764600000|  0%| F|  |TAMS 0x0000000764400000, 0x0000000764400000| Untracked 
|  28|0x0000000764600000, 0x0000000764600000, 0x0000000764800000|  0%| F|  |TAMS 0x0000000764600000, 0x0000000764600000| Untracked 
|  29|0x0000000764800000, 0x0000000764800000, 0x0000000764a00000|  0%| F|  |TAMS 0x0000000764800000, 0x0000000764800000| Untracked 
|  30|0x0000000764a00000, 0x0000000764a00000, 0x0000000764c00000|  0%| F|  |TAMS 0x0000000764a00000, 0x0000000764a00000| Untracked 
|  31|0x0000000764c00000, 0x0000000764c00000, 0x0000000764e00000|  0%| F|  |TAMS 0x0000000764c00000, 0x0000000764c00000| Untracked 
|  32|0x0000000764e00000, 0x0000000764e00000, 0x0000000765000000|  0%| F|  |TAMS 0x0000000764e00000, 0x0000000764e00000| Untracked 
|  33|0x0000000765000000, 0x0000000765000000, 0x0000000765200000|  0%| F|  |TAMS 0x0000000765000000, 0x0000000765000000| Untracked 
|  34|0x0000000765200000, 0x0000000765200000, 0x0000000765400000|  0%| F|  |TAMS 0x0000000765200000, 0x0000000765200000| Untracked 
|  35|0x0000000765400000, 0x0000000765400000, 0x0000000765600000|  0%| F|  |TAMS 0x0000000765400000, 0x0000000765400000| Untracked 
|  36|0x0000000765600000, 0x0000000765600000, 0x0000000765800000|  0%| F|  |TAMS 0x0000000765600000, 0x0000000765600000| Untracked 
|  37|0x0000000765800000, 0x0000000765800000, 0x0000000765a00000|  0%| F|  |TAMS 0x0000000765800000, 0x0000000765800000| Untracked 
|  38|0x0000000765a00000, 0x0000000765a00000, 0x0000000765c00000|  0%| F|  |TAMS 0x0000000765a00000, 0x0000000765a00000| Untracked 
|  39|0x0000000765c00000, 0x0000000765c00000, 0x0000000765e00000|  0%| F|  |TAMS 0x0000000765c00000, 0x0000000765c00000| Untracked 
|  40|0x0000000765e00000, 0x0000000765e00000, 0x0000000766000000|  0%| F|  |TAMS 0x0000000765e00000, 0x0000000765e00000| Untracked 
|  41|0x0000000766000000, 0x0000000766000000, 0x0000000766200000|  0%| F|  |TAMS 0x0000000766000000, 0x0000000766000000| Untracked 
|  42|0x0000000766200000, 0x0000000766200000, 0x0000000766400000|  0%| F|  |TAMS 0x0000000766200000, 0x0000000766200000| Untracked 
|  43|0x0000000766400000, 0x0000000766400000, 0x0000000766600000|  0%| F|  |TAMS 0x0000000766400000, 0x0000000766400000| Untracked 
|  44|0x0000000766600000, 0x0000000766600000, 0x0000000766800000|  0%| F|  |TAMS 0x0000000766600000, 0x0000000766600000| Untracked 
|  45|0x0000000766800000, 0x0000000766800000, 0x0000000766a00000|  0%| F|  |TAMS 0x0000000766800000, 0x0000000766800000| Untracked 
|  46|0x0000000766a00000, 0x0000000766a00000, 0x0000000766c00000|  0%| F|  |TAMS 0x0000000766a00000, 0x0000000766a00000| Untracked 
|  47|0x0000000766c00000, 0x0000000766c00000, 0x0000000766e00000|  0%| F|  |TAMS 0x0000000766c00000, 0x0000000766c00000| Untracked 
|  48|0x0000000766e00000, 0x0000000766e00000, 0x0000000767000000|  0%| F|  |TAMS 0x0000000766e00000, 0x0000000766e00000| Untracked 
|  49|0x0000000767000000, 0x0000000767000000, 0x0000000767200000|  0%| F|  |TAMS 0x0000000767000000, 0x0000000767000000| Untracked 
|  50|0x0000000767200000, 0x0000000767200000, 0x0000000767400000|  0%| F|  |TAMS 0x0000000767200000, 0x0000000767200000| Untracked 
|  51|0x0000000767400000, 0x0000000767400000, 0x0000000767600000|  0%| F|  |TAMS 0x0000000767400000, 0x0000000767400000| Untracked 
|  52|0x0000000767600000, 0x0000000767600000, 0x0000000767800000|  0%| F|  |TAMS 0x0000000767600000, 0x0000000767600000| Untracked 
|  53|0x0000000767800000, 0x0000000767800000, 0x0000000767a00000|  0%| F|  |TAMS 0x0000000767800000, 0x0000000767800000| Untracked 
|  54|0x0000000767a00000, 0x0000000767a00000, 0x0000000767c00000|  0%| F|  |TAMS 0x0000000767a00000, 0x0000000767a00000| Untracked 
|  55|0x0000000767c00000, 0x0000000767c00000, 0x0000000767e00000|  0%| F|  |TAMS 0x0000000767c00000, 0x0000000767c00000| Untracked 
|  56|0x0000000767e00000, 0x0000000767e00000, 0x0000000768000000|  0%| F|  |TAMS 0x0000000767e00000, 0x0000000767e00000| Untracked 
|  57|0x0000000768000000, 0x0000000768000000, 0x0000000768200000|  0%| F|  |TAMS 0x0000000768000000, 0x0000000768000000| Untracked 
|  58|0x0000000768200000, 0x0000000768200000, 0x0000000768400000|  0%| F|  |TAMS 0x0000000768200000, 0x0000000768200000| Untracked 
|  59|0x0000000768400000, 0x0000000768400000, 0x0000000768600000|  0%| F|  |TAMS 0x0000000768400000, 0x0000000768400000| Untracked 
|  60|0x0000000768600000, 0x0000000768600000, 0x0000000768800000|  0%| F|  |TAMS 0x0000000768600000, 0x0000000768600000| Untracked 
|  61|0x0000000768800000, 0x0000000768800000, 0x0000000768a00000|  0%| F|  |TAMS 0x0000000768800000, 0x0000000768800000| Untracked 
|  62|0x0000000768a00000, 0x0000000768a00000, 0x0000000768c00000|  0%| F|  |TAMS 0x0000000768a00000, 0x0000000768a00000| Untracked 
|  63|0x0000000768c00000, 0x0000000768c00000, 0x0000000768e00000|  0%| F|  |TAMS 0x0000000768c00000, 0x0000000768c00000| Untracked 
|  64|0x0000000768e00000, 0x0000000768e00000, 0x0000000769000000|  0%| F|  |TAMS 0x0000000768e00000, 0x0000000768e00000| Untracked 
|  65|0x0000000769000000, 0x0000000769000000, 0x0000000769200000|  0%| F|  |TAMS 0x0000000769000000, 0x0000000769000000| Untracked 
|  66|0x0000000769200000, 0x0000000769200000, 0x0000000769400000|  0%| F|  |TAMS 0x0000000769200000, 0x0000000769200000| Untracked 
|  67|0x0000000769400000, 0x0000000769400000, 0x0000000769600000|  0%| F|  |TAMS 0x0000000769400000, 0x0000000769400000| Untracked 
|  68|0x0000000769600000, 0x0000000769600000, 0x0000000769800000|  0%| F|  |TAMS 0x0000000769600000, 0x0000000769600000| Untracked 
|  69|0x0000000769800000, 0x0000000769800000, 0x0000000769a00000|  0%| F|  |TAMS 0x0000000769800000, 0x0000000769800000| Untracked 
|  70|0x0000000769a00000, 0x0000000769a00000, 0x0000000769c00000|  0%| F|  |TAMS 0x0000000769a00000, 0x0000000769a00000| Untracked 
|  71|0x0000000769c00000, 0x0000000769c00000, 0x0000000769e00000|  0%| F|  |TAMS 0x0000000769c00000, 0x0000000769c00000| Untracked 
|  72|0x0000000769e00000, 0x0000000769e00000, 0x000000076a000000|  0%| F|  |TAMS 0x0000000769e00000, 0x0000000769e00000| Untracked 
|  73|0x000000076a000000, 0x000000076a000000, 0x000000076a200000|  0%| F|  |TAMS 0x000000076a000000, 0x000000076a000000| Untracked 
|  74|0x000000076a200000, 0x000000076a200000, 0x000000076a400000|  0%| F|  |TAMS 0x000000076a200000, 0x000000076a200000| Untracked 
|  75|0x000000076a400000, 0x000000076a47b660, 0x000000076a600000| 24%| E|  |TAMS 0x000000076a400000, 0x000000076a400000| Complete 
|  76|0x000000076a600000, 0x000000076a800000, 0x000000076a800000|100%| E|CS|TAMS 0x000000076a600000, 0x000000076a600000| Complete 
|  77|0x000000076a800000, 0x000000076aa00000, 0x000000076aa00000|100%| E|  |TAMS 0x000000076a800000, 0x000000076a800000| Complete 
|  78|0x000000076aa00000, 0x000000076ac00000, 0x000000076ac00000|100%| E|CS|TAMS 0x000000076aa00000, 0x000000076aa00000| Complete 
|  79|0x000000076ac00000, 0x000000076ae00000, 0x000000076ae00000|100%| E|CS|TAMS 0x000000076ac00000, 0x000000076ac00000| Complete 

Card table byte_map: [0x0000014ef3430000,0x0000014ef3930000] _byte_map_base: 0x0000014eef929000

Marking Bits (Prev, Next): (CMBitMap*) 0x0000014eda8c3f50, (CMBitMap*) 0x0000014eda8c3f90
 Prev Bits: [0x0000014ef3e30000, 0x0000014ef65f8000)
 Next Bits: [0x0000014ef6600000, 0x0000014ef8dc8000)

Polling page: 0x0000014eda940000

Metaspace:

Usage:
  Non-class:      1.44 MB used.
      Class:    176.37 KB used.
       Both:      1.61 MB used.

Virtual space:
  Non-class space:       64.00 MB reserved,       1.50 MB (  2%) committed,  1 nodes.
      Class space:        1.00 GB reserved,     256.00 KB ( <1%) committed,  1 nodes.
             Both:        1.06 GB reserved,       1.75 MB ( <1%) committed. 

Chunk freelists:
   Non-Class:  11.60 MB
       Class:  15.67 MB
        Both:  27.27 MB

MaxMetaspaceSize: unlimited
CompressedClassSpaceSize: 1.00 GB
Initial GC threshold: 21.00 MB
Current GC threshold: 21.00 MB
CDS: on
MetaspaceReclaimPolicy: balanced
 - commit_granule_bytes: 65536.
 - commit_granule_words: 8192.
 - virtual_space_node_default_size: 8388608.
 - enlarge_chunks_in_place: 1.
 - new_chunks_are_fully_committed: 0.
 - uncommit_free_chunks: 1.
 - use_allocation_guard: 0.
 - handle_deallocations: 1.


Internal statistics:

num_allocs_failed_limit: 0.
num_arena_births: 54.
num_arena_deaths: 0.
num_vsnodes_births: 2.
num_vsnodes_deaths: 0.
num_space_committed: 28.
num_space_uncommitted: 0.
num_chunks_returned_to_freelist: 0.
num_chunks_taken_from_freelist: 79.
num_chunk_merges: 0.
num_chunk_splits: 56.
num_chunks_enlarged: 38.
num_inconsistent_stats: 0.

CodeHeap 'non-profiled nmethods': size=120000Kb used=173Kb max_used=173Kb free=119826Kb
 bounds [0x0000014eeb3e0000, 0x0000014eeb650000, 0x0000014ef2910000]
CodeHeap 'profiled nmethods': size=120000Kb used=704Kb max_used=704Kb free=119295Kb
 bounds [0x0000014ee3910000, 0x0000014ee3b80000, 0x0000014eeae40000]
CodeHeap 'non-nmethods': size=5760Kb used=1126Kb max_used=1141Kb free=4633Kb
 bounds [0x0000014eeae40000, 0x0000014eeb0b0000, 0x0000014eeb3e0000]
 total_blobs=919 nmethods=510 adapters=322
 compilation: enabled
              stopped_count=0, restarted_count=0
 full_count=0

Compilation events (20 events):
Event: 0.284 Thread 0x0000014efb3bbd90 nmethod 501 0x0000014eeb40a590 code [0x0000014eeb40a720, 0x0000014eeb40a7f8]
Event: 0.285 Thread 0x0000014efb3bbd90  502       3       java.lang.CharacterDataLatin1::toUpperCaseEx (71 bytes)
Event: 0.285 Thread 0x0000014efb3c5a40  503       4       java.util.concurrent.ConcurrentHashMap::tabAt (22 bytes)
Event: 0.285 Thread 0x0000014efb3bbd90 nmethod 502 0x0000014ee39bdc90 code [0x0000014ee39bde40, 0x0000014ee39be118]
Event: 0.286 Thread 0x0000014efb3c5a40 nmethod 503 0x0000014eeb40a890 code [0x0000014eeb40aa00, 0x0000014eeb40aa78]
Event: 0.286 Thread 0x0000014efb3bbd90  504       3       java.util.concurrent.ConcurrentHashMap::put (8 bytes)
Event: 0.286 Thread 0x0000014efb3bbd90 nmethod 504 0x0000014ee39be210 code [0x0000014ee39be3a0, 0x0000014ee39be4e8]
Event: 0.286 Thread 0x0000014efb3c5a40  505       4       jdk.internal.misc.Unsafe::putReferenceRelease (9 bytes)
Event: 0.286 Thread 0x0000014efb3bbd90  506       1       sun.util.locale.BaseLocale::getLanguage (5 bytes)
Event: 0.286 Thread 0x0000014efb3bbd90 nmethod 506 0x0000014eeb40ab90 code [0x0000014eeb40ad20, 0x0000014eeb40adf8]
Event: 0.287 Thread 0x0000014efb3bbd90  507       1       sun.security.util.KnownOIDs::registerNames (2 bytes)
Event: 0.287 Thread 0x0000014efb3bbd90 nmethod 507 0x0000014eeb40ae90 code [0x0000014eeb40b020, 0x0000014eeb40b0f8]
Event: 0.287 Thread 0x0000014efb3bbd90  508       3       java.lang.StringLatin1::toUpperCase (186 bytes)
Event: 0.287 Thread 0x0000014efb3c5a40 nmethod 505 0x0000014eeb40b190 code [0x0000014eeb40b300, 0x0000014eeb40b438]
Event: 0.287 Thread 0x0000014efb3bbd90 nmethod 508 0x0000014ee39be590 code [0x0000014ee39be800, 0x0000014ee39bf358]
Event: 0.288 Thread 0x0000014efb3bbd90  509       3       java.lang.String::toUpperCase (29 bytes)
Event: 0.288 Thread 0x0000014efb3bbd90 nmethod 509 0x0000014ee39bf790 code [0x0000014ee39bf960, 0x0000014ee39bfc38]
Event: 0.288 Thread 0x0000014efb3bbd90  510       3       java.util.Objects::nonNull (10 bytes)
Event: 0.288 Thread 0x0000014efb3bbd90 nmethod 510 0x0000014ee39bfd10 code [0x0000014ee39bfea0, 0x0000014ee39bfff8]
Event: 0.288 Thread 0x0000014efb3bbd90  511       3       sun.security.util.KnownOIDs::register (349 bytes)

GC Heap History (0 events):
No events

Deoptimization events (20 events):
Event: 0.188 Thread 0x0000014eda873bf0 DEOPT PACKING pc=0x0000014eeb3f4374 sp=0x0000003d2eefeab0
Event: 0.188 Thread 0x0000014eda873bf0 DEOPT UNPACKING pc=0x0000014eeae923a3 sp=0x0000003d2eefea78 mode 2
Event: 0.195 Thread 0x0000014eda873bf0 Uncommon trap: trap_request=0xffffff45 fr.pc=0x0000014eeb3e6af8 relative=0x0000000000000078
Event: 0.195 Thread 0x0000014eda873bf0 Uncommon trap: reason=unstable_if action=reinterpret pc=0x0000014eeb3e6af8 method=java.lang.String.isLatin1()Z @ 10 c2
Event: 0.195 Thread 0x0000014eda873bf0 DEOPT PACKING pc=0x0000014eeb3e6af8 sp=0x0000003d2eefef10
Event: 0.195 Thread 0x0000014eda873bf0 DEOPT UNPACKING pc=0x0000014eeae923a3 sp=0x0000003d2eefee50 mode 2
Event: 0.249 Thread 0x0000014eda873bf0 Uncommon trap: trap_request=0xffffff45 fr.pc=0x0000014eeb3f5e50 relative=0x00000000000004b0
Event: 0.249 Thread 0x0000014eda873bf0 Uncommon trap: reason=unstable_if action=reinterpret pc=0x0000014eeb3f5e50 method=java.lang.StringLatin1.newString([BII)Ljava/lang/String; @ 1 c2
Event: 0.249 Thread 0x0000014eda873bf0 DEOPT PACKING pc=0x0000014eeb3f5e50 sp=0x0000003d2eefdd50
Event: 0.249 Thread 0x0000014eda873bf0 DEOPT UNPACKING pc=0x0000014eeae923a3 sp=0x0000003d2eefdcb0 mode 2
Event: 0.273 Thread 0x0000014eda873bf0 Uncommon trap: trap_request=0xffffff45 fr.pc=0x0000014eeb3ef890 relative=0x0000000000000650
Event: 0.273 Thread 0x0000014eda873bf0 Uncommon trap: reason=unstable_if action=reinterpret pc=0x0000014eeb3ef890 method=jdk.internal.module.Checks.isJavaIdentifier(Ljava/lang/String;)Z @ 4 c2
Event: 0.273 Thread 0x0000014eda873bf0 DEOPT PACKING pc=0x0000014eeb3ef890 sp=0x0000003d2eefe2f0
Event: 0.273 Thread 0x0000014eda873bf0 DEOPT UNPACKING pc=0x0000014eeae923a3 sp=0x0000003d2eefe290 mode 2
Event: 0.289 Thread 0x0000014eda873bf0 Uncommon trap: trap_request=0xffffffde fr.pc=0x0000014eeb3f7e68 relative=0x0000000000000c68
Event: 0.289 Thread 0x0000014eda873bf0 Uncommon trap: reason=class_check action=maybe_recompile pc=0x0000014eeb3f7e68 method=java.util.HashMap.putVal(ILjava/lang/Object;Ljava/lang/Object;ZZ)Ljava/lang/Object; @ 152 c2
Event: 0.289 Thread 0x0000014eda873bf0 DEOPT PACKING pc=0x0000014eeb3f7e68 sp=0x0000003d2eefdea0
Event: 0.289 Thread 0x0000014eda873bf0 DEOPT UNPACKING pc=0x0000014eeae923a3 sp=0x0000003d2eefde30 mode 2
Event: 0.289 Thread 0x0000014eda873bf0 Uncommon trap: trap_request=0xffffffde fr.pc=0x0000014eeb3f7e68 relative=0x0000000000000c68
Event: 0.289 Thread 0x0000014eda873bf0 Uncommon trap: reason=class_check action=maybe_recompile pc=0x0000014eeb3f7e68 method=java.util.HashMap.putVal(ILjava/lang/Object;Ljava/lang/Object;ZZ)Ljava/lang/Object; @ 152 c2

Classes unloaded (0 events):
No events

Classes redefined (0 events):
No events

Internal exceptions (3 events):
Event: 0.094 Thread 0x0000014eda873bf0 Exception <a 'java/lang/NoSuchMethodError'{0x000000076ace8630}: 'void java.lang.invoke.DirectMethodHandle$Holder.invokeVirtual(java.lang.Object, java.lang.Object)'> (0x000000076ace8630) 
thrown [s\open\src\hotspot\share\interpreter\linkResolver.cpp, line 759]
Event: 0.209 Thread 0x0000014eda873bf0 Exception <a 'java/lang/NoSuchMethodError'{0x000000076a6574e8}: 'java.lang.Object java.lang.invoke.DirectMethodHandle$Holder.invokeStaticInit(java.lang.Object)'> (0x000000076a6574e8) 
thrown [s\open\src\hotspot\share\interpreter\linkResolver.cpp, line 759]
Event: 0.214 Thread 0x0000014eda873bf0 Exception <a 'java/lang/NoSuchMethodError'{0x000000076a6660e8}: 'void java.lang.invoke.DirectMethodHandle$Holder.invokeStatic(java.lang.Object, java.lang.Object)'> (0x000000076a6660e8) 
thrown [s\open\src\hotspot\share\interpreter\linkResolver.cpp, line 759]

VM Operations (4 events):
Event: 0.176 Executing VM operation: HandshakeAllThreads
Event: 0.176 Executing VM operation: HandshakeAllThreads done
Event: 0.176 Executing VM operation: HandshakeAllThreads
Event: 0.176 Executing VM operation: HandshakeAllThreads done

Events (20 events):
Event: 0.283 loading class sun/security/util/KnownOIDs$1
Event: 0.283 loading class sun/security/util/KnownOIDs$1 done
Event: 0.283 loading class sun/security/util/KnownOIDs$2
Event: 0.283 loading class sun/security/util/KnownOIDs$2 done
Event: 0.283 loading class sun/security/util/KnownOIDs$3
Event: 0.283 loading class sun/security/util/KnownOIDs$3 done
Event: 0.283 loading class sun/security/util/KnownOIDs$4
Event: 0.284 loading class sun/security/util/KnownOIDs$4 done
Event: 0.284 loading class sun/security/util/KnownOIDs$5
Event: 0.284 loading class sun/security/util/KnownOIDs$5 done
Event: 0.284 loading class sun/security/util/KnownOIDs$6
Event: 0.284 loading class sun/security/util/KnownOIDs$6 done
Event: 0.284 loading class sun/security/util/KnownOIDs$7
Event: 0.284 loading class sun/security/util/KnownOIDs$7 done
Event: 0.284 loading class sun/security/util/KnownOIDs$8
Event: 0.284 loading class sun/security/util/KnownOIDs$8 done
Event: 0.284 loading class sun/security/util/KnownOIDs$9
Event: 0.284 loading class sun/security/util/KnownOIDs$9 done
Event: 0.284 loading class sun/security/util/KnownOIDs$10
Event: 0.284 loading class sun/security/util/KnownOIDs$10 done


Dynamic libraries:
0x00007ff6dbae0000 - 0x00007ff6dbaf0000 	C:\Program Files\Java\jdk-17\bin\java.exe
0x00007ffdc57f0000 - 0x00007ffdc5a07000 	C:\WINDOWS\SYSTEM32\ntdll.dll
0x00007ffdc56d0000 - 0x00007ffdc5794000 	C:\WINDOWS\System32\KERNEL32.DLL
0x00007ffdc28e0000 - 0x00007ffdc2cb3000 	C:\WINDOWS\System32\KERNELBASE.dll
0x00007ffdc32a0000 - 0x00007ffdc33b1000 	C:\WINDOWS\System32\ucrtbase.dll
0x00007ffda2530000 - 0x00007ffda254b000 	C:\Program Files\Java\jdk-17\bin\VCRUNTIME140.dll
0x00007ffda37f0000 - 0x00007ffda3809000 	C:\Program Files\Java\jdk-17\bin\jli.dll
0x00007ffdc3830000 - 0x00007ffdc38e1000 	C:\WINDOWS\System32\ADVAPI32.dll
0x00007ffdc5120000 - 0x00007ffdc51c7000 	C:\WINDOWS\System32\msvcrt.dll
0x00007ffdc55c0000 - 0x00007ffdc5667000 	C:\WINDOWS\System32\sechost.dll
0x00007ffdc2ea0000 - 0x00007ffdc2ec8000 	C:\WINDOWS\System32\bcrypt.dll
0x00007ffdc5330000 - 0x00007ffdc5444000 	C:\WINDOWS\System32\RPCRT4.dll
0x00007ffdc4ae0000 - 0x00007ffdc4c91000 	C:\WINDOWS\System32\USER32.dll
0x00007ffdc2ed0000 - 0x00007ffdc2ef6000 	C:\WINDOWS\System32\win32u.dll
0x00007ffdb1640000 - 0x00007ffdb18db000 	C:\WINDOWS\WinSxS\amd64_microsoft.windows.common-controls_6595b64144ccf1df_6.0.22621.5262_none_2712bde373830908\COMCTL32.dll
0x00007ffdc3bc0000 - 0x00007ffdc3be9000 	C:\WINDOWS\System32\GDI32.dll
0x00007ffdc3000000 - 0x00007ffdc3122000 	C:\WINDOWS\System32\gdi32full.dll
0x00007ffdc2cc0000 - 0x00007ffdc2d5a000 	C:\WINDOWS\System32\msvcp_win.dll
0x00007ffdb9010000 - 0x00007ffdb901a000 	C:\WINDOWS\SYSTEM32\VERSION.dll
0x00007ffdc3b60000 - 0x00007ffdc3b91000 	C:\WINDOWS\System32\IMM32.DLL
0x00007ffda7760000 - 0x00007ffda776c000 	C:\Program Files\Java\jdk-17\bin\vcruntime140_1.dll
0x00007ffd5a9d0000 - 0x00007ffd5aa5e000 	C:\Program Files\Java\jdk-17\bin\msvcp140.dll
0x00007ffd79450000 - 0x00007ffd7a030000 	C:\Program Files\Java\jdk-17\bin\server\jvm.dll
0x00007ffdc3d50000 - 0x00007ffdc3d58000 	C:\WINDOWS\System32\PSAPI.DLL
0x00007ffdb4560000 - 0x00007ffdb4569000 	C:\WINDOWS\SYSTEM32\WSOCK32.dll
0x00007ffdbbc30000 - 0x00007ffdbbc64000 	C:\WINDOWS\SYSTEM32\WINMM.dll
0x00007ffdc5450000 - 0x00007ffdc54c1000 	C:\WINDOWS\System32\WS2_32.dll
0x00007ffdc1920000 - 0x00007ffdc1938000 	C:\WINDOWS\SYSTEM32\kernel.appcore.dll
0x00007ffda37d0000 - 0x00007ffda37da000 	C:\Program Files\Java\jdk-17\bin\jimage.dll
0x00007ffdb9340000 - 0x00007ffdb9572000 	C:\WINDOWS\SYSTEM32\DBGHELP.DLL
0x00007ffdc3480000 - 0x00007ffdc3813000 	C:\WINDOWS\System32\combase.dll
0x00007ffdc47b0000 - 0x00007ffdc4887000 	C:\WINDOWS\System32\OLEAUT32.dll
0x00007ffdb0910000 - 0x00007ffdb0942000 	C:\WINDOWS\SYSTEM32\dbgcore.DLL
0x00007ffdc2f80000 - 0x00007ffdc2ffb000 	C:\WINDOWS\System32\bcryptPrimitives.dll
0x00007ffd793e0000 - 0x00007ffd79405000 	C:\Program Files\Java\jdk-17\bin\java.dll
0x00007ffd79300000 - 0x00007ffd793d7000 	C:\Program Files\Java\jdk-17\bin\jsvml.dll
0x00007ffdc3f10000 - 0x00007ffdc47ad000 	C:\WINDOWS\System32\SHELL32.dll
0x00007ffdc2d60000 - 0x00007ffdc2e9f000 	C:\WINDOWS\System32\wintypes.dll
0x00007ffdc0820000 - 0x00007ffdc113d000 	C:\WINDOWS\SYSTEM32\windows.storage.dll
0x00007ffdc3a50000 - 0x00007ffdc3b5b000 	C:\WINDOWS\System32\SHCORE.dll
0x00007ffdc4a70000 - 0x00007ffdc4ad6000 	C:\WINDOWS\System32\shlwapi.dll
0x00007ffdc2810000 - 0x00007ffdc283b000 	C:\WINDOWS\SYSTEM32\profapi.dll
0x00007ffda77d0000 - 0x00007ffda77e9000 	C:\Program Files\Java\jdk-17\bin\net.dll
0x00007ffdbb9c0000 - 0x00007ffdbbaec000 	C:\WINDOWS\SYSTEM32\WINHTTP.dll
0x00007ffdc1da0000 - 0x00007ffdc1e0a000 	C:\WINDOWS\system32\mswsock.dll
0x00007ffda77b0000 - 0x00007ffda77c6000 	C:\Program Files\Java\jdk-17\bin\nio.dll
0x00007ffda2510000 - 0x00007ffda2528000 	C:\Program Files\Java\jdk-17\bin\zip.dll

dbghelp: loaded successfully - version: 4.0.5 - missing functions: none
symbol engine: initialized successfully - sym options: 0x614 - pdb path: .;C:\Program Files\Java\jdk-17\bin;C:\WINDOWS\SYSTEM32;C:\WINDOWS\WinSxS\amd64_microsoft.windows.common-controls_6595b64144ccf1df_6.0.22621.5262_none_2712bde373830908;C:\Program Files\Java\jdk-17\bin\server

VM Arguments:
jvm_args: --module-path=D:\Drive Kuliah\Repo Github\kei\bisaplsudhhopeless\RPL-Optik-Peekaboo\demo\target\classes;C:\Users\Acer\.m2\repository\org\openjfx\javafx-base\17.0.2\javafx-base-17.0.2-win.jar;C:\Users\Acer\.m2\repository\org\openjfx\javafx-controls\17.0.2\javafx-controls-17.0.2-mac-aarch64.jar;C:\Users\Acer\.m2\repository\org\openjfx\javafx-fxml\17.0.2\javafx-fxml-17.0.2-mac-aarch64.jar;C:\Users\Acer\.m2\repository\org\openjfx\javafx-graphics\17.0.2\javafx-graphics-17.0.2-win.jar --add-modules=com.pekaboo -Djdk.module.main=com.pekaboo 
java_command: com.pekaboo/com.pekaboo.App
java_class_path (initial): C:\Users\Acer\.m2\repository\org\checkerframework\checker-qual\3.41.0\checker-qual-3.41.0.jar;C:\Users\Acer\.m2\repository\org\openjfx\javafx-base\17.0.2\javafx-base-17.0.2.jar;C:\Users\Acer\.m2\repository\org\openjfx\javafx-controls\17.0.2\javafx-controls-17.0.2.jar;C:\Users\Acer\.m2\repository\org\openjfx\javafx-graphics\17.0.2\javafx-graphics-17.0.2.jar;C:\Users\Acer\.m2\repository\org\postgresql\postgresql\42.7.1\postgresql-42.7.1.jar
Launcher Type: SUN_STANDARD

[Global flags]
     intx CICompilerCount                          = 3                                         {product} {ergonomic}
     uint ConcGCThreads                            = 1                                         {product} {ergonomic}
     uint G1ConcRefinementThreads                  = 4                                         {product} {ergonomic}
   size_t G1HeapRegionSize                         = 2097152                                   {product} {ergonomic}
    uintx GCDrainStackTargetSize                   = 64                                        {product} {ergonomic}
   size_t InitialHeapSize                          = 167772160                                 {product} {ergonomic}
   size_t MarkStackSize                            = 4194304                                   {product} {ergonomic}
   size_t MaxHeapSize                              = 2669674496                                {product} {ergonomic}
   size_t MaxNewSize                               = 1600126976                                {product} {ergonomic}
   size_t MinHeapDeltaBytes                        = 2097152                                   {product} {ergonomic}
   size_t MinHeapSize                              = 8388608                                   {product} {ergonomic}
    uintx NonNMethodCodeHeapSize                   = 5832780                                {pd product} {ergonomic}
    uintx NonProfiledCodeHeapSize                  = 122912730                              {pd product} {ergonomic}
    uintx ProfiledCodeHeapSize                     = 122912730                              {pd product} {ergonomic}
    uintx ReservedCodeCacheSize                    = 251658240                              {pd product} {ergonomic}
     bool SegmentedCodeCache                       = true                                      {product} {ergonomic}
   size_t SoftMaxHeapSize                          = 2669674496                             {manageable} {ergonomic}
     bool UseCompressedClassPointers               = true                           {product lp64_product} {ergonomic}
     bool UseCompressedOops                        = true                           {product lp64_product} {ergonomic}
     bool UseG1GC                                  = true                                      {product} {ergonomic}
     bool UseLargePagesIndividualAllocation        = false                                  {pd product} {ergonomic}

Logging:
Log output configuration:
 #0: stdout all=warning uptime,level,tags
 #1: stderr all=off uptime,level,tags

Environment Variables:
JAVA_HOME=C:\Program Files\Java\jdk-17
PATH=C:\Program Files\Common Files\Oracle\Java\javapath;C:\Program Files (x86)\Common Files\Intel\Shared Files\cpp\bin\Intel64;C:\WINDOWS\system32;C:\WINDOWS;C:\WINDOWS\System32\Wbem;C:\WINDOWS\System32\WindowsPowerShell\v1.0\;C:\WINDOWS\System32\OpenSSH\;C:\Program Files (x86)\HP\Common\HPDestPlgIn\;C:\Users\Acer\AppData\Local\Programs\Python\Python311;C:\MinGW\bin;C:\Program Files\MySQL\MySQL Server 8.0\bin;C:\Program Files\Git\cmd;C:\Program Files\nodejs\;C:\Users\Acer\AppData\Local\Programs\Python\Python312\Scripts\;C:\Users\Acer\AppData\Local\Programs\Python\Python312\;C:\Users\Acer\AppData\Local\Microsoft\WindowsApps;C:\Users\Acer\AppData\Local\Programs\Microsoft VS Code\bin;C:\Users\Acer\AppData\Local\Programs\Python\Python311\;C:\ghcup\bin;C:\Users\Acer\AppData\Local\GitHubDesktop\bin;C:\Users\Acer\AppData\Local\Microsoft\WinGet\Packages\Schniz.fnm_Microsoft.Winget.Source_8wekyb3d8bbwe;C:\Users\Acer\AppData\Roaming\npm;C:\Program Files\OpenSSL-Win64\bin;C:\Program Files\Java\jdk-23\bin;C:\Program Files\PuTTY\;D:\Downloads\apache-maven-3.9.10\bin;C:\Program Files\qemu;C:\Users\Acer\AppData\Local\Programs\Python\Python312\;C:\Users\Acer\AppData\Local\Microsoft\WindowsApps;C:\Program Files (x86)\HP\Common\HPDestPlgIn\;C:\Users\Acer\AppData\Local\Programs\Microsoft VS Code\bin;C:\Users\Acer\AppData\Local\Programs\Python\Python311\;C:\ghcup\bin;C:\Users\Acer\AppData\Local\GitHubDesktop\bin;C:\Users\Acer\AppData\Local\Microsoft\WinGet\Packages\Schniz.fnm_Microsoft.Winget.Source_8wekyb3d8bbwe;C:\Users\Acer\AppData\Roaming\npm;C:\Program Files\nodejs;C:\Program Files\qemu;C:\MinGW\bin;;C:\Program Files\JetBrains\IntelliJ IDEA 2024.3.2.2\bin;
USERNAME=Acer
LANG=en_US.UTF-8
OS=Windows_NT
PROCESSOR_IDENTIFIER=AMD64 Family 23 Model 24 Stepping 1, AuthenticAMD



---------------  S Y S T E M  ---------------

OS:
 Windows 11 , 64 bit Build 22621 (10.0.22621.5262)
OS uptime: 0 days 1:58 hours

CPU: total 4 (initial active 4) (4 cores per cpu, 2 threads per core) family 23 model 24 stepping 1 microcode 0x0, cx8, cmov, fxsr, ht, mmx, 3dnowpref, sse, sse2, sse3, ssse3, sse4a, sse4.1, sse4.2, popcnt, lzcnt, tsc, tscinvbit, avx, avx2, aes, clmul, bmi1, bmi2, adx, sha, fma, vzeroupper, clflush, clflushopt

Memory: 4k page, system-wide physical 10177M (2072M free)
TotalPageFile size 14273M (AvailPageFile size 5M)
current process WorkingSet (physical memory assigned to process): 47M, peak: 47M
current process commit charge ("private bytes"): 239M, peak: 239M

vm_info: Java HotSpot(TM) 64-Bit Server VM (17.0.12+8-LTS-286) for windows-amd64 JRE (17.0.12+8-LTS-286), built on Jun  5 2024 06:46:59 by "mach5one" with MS VC++ 17.6 (VS2022)

END.
